c:\users\hangfeng gong\documents\visual studio 2015\projects\finalproject\finalproject\x64\debug\vc140.pdb
c:\users\hangfeng gong\documents\visual studio 2015\projects\finalproject\finalproject\x64\debug\vc140.idb
c:\users\hangfeng gong\documents\visual studio 2015\projects\finalproject\finalproject\x64\debug\account.obj
c:\users\hangfeng gong\documents\visual studio 2015\projects\finalproject\finalproject\x64\debug\bankaccount.obj
c:\users\hangfeng gong\documents\visual studio 2015\projects\finalproject\finalproject\x64\debug\portfoliolist.obj
c:\users\hangfeng gong\documents\visual studio 2015\projects\finalproject\finalproject\x64\debug\stockaccount.obj
c:\users\hangfeng gong\documents\visual studio 2015\projects\finalproject\finalproject\x64\debug\stocknode.obj
c:\users\hangfeng gong\documents\visual studio 2015\projects\finalproject\finalproject\x64\debug\test.obj
c:\users\hangfeng gong\documents\visual studio 2015\projects\finalproject\finalproject\x64\debug\main_hangfenggong.obj
c:\users\hangfeng gong\documents\visual studio 2015\projects\finalproject\finalproject\x64\debug\account_hangfenggong.obj
c:\users\hangfeng gong\documents\visual studio 2015\projects\finalproject\finalproject\x64\debug\bankaccount_hangfenggong.obj
c:\users\hangfeng gong\documents\visual studio 2015\projects\finalproject\finalproject\x64\debug\portfoliolist_hangfenggong.obj
c:\users\hangfeng gong\documents\visual studio 2015\projects\finalproject\finalproject\x64\debug\stockaccount_hangfenggong.obj
c:\users\hangfeng gong\documents\visual studio 2015\projects\finalproject\finalproject\x64\debug\stocknode_hangfenggong.obj
c:\users\hangfeng gong\documents\visual studio 2015\projects\finalproject\x64\debug\finalproject.ilk
c:\users\hangfeng gong\documents\visual studio 2015\projects\finalproject\x64\debug\finalproject.exe
c:\users\hangfeng gong\documents\visual studio 2015\projects\finalproject\x64\debug\finalproject.pdb
c:\users\hangfeng gong\documents\visual studio 2015\projects\finalproject\finalproject\x64\debug\finalproject.res
c:\users\hangfeng gong\documents\visual studio 2015\projects\finalproject\finalproject\x64\debug\finalproject.tlog\cl.command.1.tlog
c:\users\hangfeng gong\documents\visual studio 2015\projects\finalproject\finalproject\x64\debug\finalproject.tlog\cl.read.1.tlog
c:\users\hangfeng gong\documents\visual studio 2015\projects\finalproject\finalproject\x64\debug\finalproject.tlog\cl.write.1.tlog
c:\users\hangfeng gong\documents\visual studio 2015\projects\finalproject\finalproject\x64\debug\finalproject.tlog\link.command.1.tlog
c:\users\hangfeng gong\documents\visual studio 2015\projects\finalproject\finalproject\x64\debug\finalproject.tlog\link.read.1.tlog
c:\users\hangfeng gong\documents\visual studio 2015\projects\finalproject\finalproject\x64\debug\finalproject.tlog\link.write.1.tlog
c:\users\hangfeng gong\documents\visual studio 2015\projects\finalproject\finalproject\x64\debug\finalproject.tlog\rc.command.1.tlog
c:\users\hangfeng gong\documents\visual studio 2015\projects\finalproject\finalproject\x64\debug\finalproject.tlog\rc.read.1.tlog
c:\users\hangfeng gong\documents\visual studio 2015\projects\finalproject\finalproject\x64\debug\finalproject.tlog\rc.write.1.tlog
